<?xml version="1.0" encoding="UTF-8"?>
<!-- Generated by org.testng.reporters.JUnitXMLReporter -->
<testsuite ignored="2" hostname="DESKTOP-24HNAOI" failures="0" tests="1" name="Default test" time="15.098" errors="0" timestamp="2025-07-19T22:47:49 EET">
  <testcase classname="MyTest" name="T003_ReqAppointment" time="9.958"/>
  <testcase classname="MyTest" name="T001_WebsiteLang_en" time="0.0">
    <ignored/>
  </testcase> <!-- T001_WebsiteLang_en -->
  <testcase classname="MyTest" name="T002_SearchFunctionality" time="0.0">
    <ignored/>
  </testcase> <!-- T002_SearchFunctionality -->
</testsuite> <!-- Default test -->
