<?xml version="1.0" encoding="UTF-8"?>
<!-- Generated by org.testng.reporters.JUnitXMLReporter -->
<testsuite ignored="3" hostname="DESKTOP-24HNAOI" failures="0" tests="1" name="Default test" time="16.791" errors="0" timestamp="2025-07-21T14:23:57 EET">
  <testcase classname="MyTest" name="BMI_Calculator" time="10.316"/>
  <testcase classname="MyTest" name="T001_WebsiteLang_en" time="0.0">
    <ignored/>
  </testcase> <!-- T001_WebsiteLang_en -->
  <testcase classname="MyTest" name="T003_ReqAppointment" time="0.0">
    <ignored/>
  </testcase> <!-- T003_ReqAppointment -->
  <testcase classname="MyTest" name="T002_SearchFunctionality" time="0.0">
    <ignored/>
  </testcase> <!-- T002_SearchFunctionality -->
</testsuite> <!-- Default test -->
