<?xml version="1.0" encoding="UTF-8"?>
<testng-results ignored="2" total="3" passed="1" failed="0" skipped="0">
  <reporter-output>
  </reporter-output>
  <suite started-at="2025-07-19T22:47:34 EET" name="Default suite" finished-at="2025-07-19T22:47:49 EET" duration-ms="15098">
    <groups>
    </groups>
    <test started-at="2025-07-19T22:47:34 EET" name="Default test" finished-at="2025-07-19T22:47:49 EET" duration-ms="15098">
      <class name="MyTest">
        <test-method is-config="true" signature="Mysetup()[pri:0, instance:MyTest@56113384]" started-at="2025-07-19T22:47:34 EET" name="Mysetup" finished-at="2025-07-19T22:47:38 EET" duration-ms="4876" status="PASS">
          <reporter-output>
          </reporter-output>
        </test-method> <!-- Mysetup -->
        <test-method signature="T003_ReqAppointment()[pri:3, instance:MyTest@56113384]" started-at="2025-07-19T22:47:39 EET" name="T003_ReqAppointment" finished-at="2025-07-19T22:47:48 EET" duration-ms="9958" status="PASS">
          <reporter-output>
          </reporter-output>
        </test-method> <!-- T003_ReqAppointment -->
      </class> <!-- MyTest -->
    </test> <!-- Default test -->
  </suite> <!-- Default suite -->
</testng-results>
